DEBUG - 2025-06-11 19:12:03 --> Session: Class initialized using 'CodeIgniter\Session\Handlers\FileHandler' driver.
ERROR - 2025-06-11 19:12:11 --> mysqli_sql_exception: Unknown column 'produtos_categorias_id' in 'on clause' in /home/eric/projeto-framework/codeigniter4/system/Database/MySQLi/Connection.php:327
Stack trace:
#0 /home/eric/projeto-framework/codeigniter4/system/Database/MySQLi/Connection.php(327): mysqli->query()
#1 /home/eric/projeto-framework/codeigniter4/system/Database/BaseConnection.php(738): CodeIgniter\Database\MySQLi\Connection->execute()
#2 /home/eric/projeto-framework/codeigniter4/system/Database/BaseConnection.php(652): CodeIgniter\Database\BaseConnection->simpleQuery()
#3 /home/eric/projeto-framework/codeigniter4/system/Database/BaseBuilder.php(1649): CodeIgniter\Database\BaseConnection->query()
#4 /home/eric/projeto-framework/codeigniter4/system/Model.php(213): CodeIgniter\Database\BaseBuilder->get()
#5 /home/eric/projeto-framework/codeigniter4/system/BaseModel.php(609): CodeIgniter\Model->doFind()
#6 /home/eric/projeto-framework/codeigniter4/app/Controllers/Produtos.php(20): CodeIgniter\BaseModel->find()
#7 /home/eric/projeto-framework/codeigniter4/system/CodeIgniter.php(933): App\Controllers\Produtos->index()
#8 /home/eric/projeto-framework/codeigniter4/system/CodeIgniter.php(507): CodeIgniter\CodeIgniter->runController()
#9 /home/eric/projeto-framework/codeigniter4/system/CodeIgniter.php(354): CodeIgniter\CodeIgniter->handleRequest()
#10 /home/eric/projeto-framework/codeigniter4/system/Boot.php(334): CodeIgniter\CodeIgniter->run()
#11 /home/eric/projeto-framework/codeigniter4/system/Boot.php(67): CodeIgniter\Boot::runCodeIgniter()
#12 /home/eric/projeto-framework/codeigniter4/public/index.php(56): CodeIgniter\Boot::bootWeb()
#13 /home/eric/projeto-framework/codeigniter4/system/rewrite.php(44): require_once('...')
#14 {main}
CRITICAL - 2025-06-11 19:12:11 --> CodeIgniter\Database\Exceptions\DatabaseException: Unknown column 'produtos_categorias_id' in 'on clause'
[Method: GET, Route: produtos]
in SYSTEMPATH/Database/BaseConnection.php on line 692.
 1 SYSTEMPATH/Database/BaseBuilder.php(1649): CodeIgniter\Database\BaseConnection->query()
 2 SYSTEMPATH/Model.php(213): CodeIgniter\Database\BaseBuilder->get()
 3 SYSTEMPATH/BaseModel.php(609): CodeIgniter\Model->doFind()
 4 APPPATH/Controllers/Produtos.php(20): CodeIgniter\BaseModel->find()
 5 SYSTEMPATH/CodeIgniter.php(933): App\Controllers\Produtos->index()
 6 SYSTEMPATH/CodeIgniter.php(507): CodeIgniter\CodeIgniter->runController()
 7 SYSTEMPATH/CodeIgniter.php(354): CodeIgniter\CodeIgniter->handleRequest()
 8 SYSTEMPATH/Boot.php(334): CodeIgniter\CodeIgniter->run()
 9 SYSTEMPATH/Boot.php(67): CodeIgniter\Boot::runCodeIgniter()
10 FCPATH/index.php(56): CodeIgniter\Boot::bootWeb()
11 SYSTEMPATH/rewrite.php(44): require_once('/home/eric/projeto-framework/codeigniter4/public/index.php')
CRITICAL - 2025-06-11 19:12:11 --> [Caused by] CodeIgniter\Database\Exceptions\DatabaseException: Unknown column 'produtos_categorias_id' in 'on clause'
in SYSTEMPATH/Database/MySQLi/Connection.php on line 332.
 1 SYSTEMPATH/Database/BaseConnection.php(738): CodeIgniter\Database\MySQLi\Connection->execute()
 2 SYSTEMPATH/Database/BaseConnection.php(652): CodeIgniter\Database\BaseConnection->simpleQuery()
 3 SYSTEMPATH/Database/BaseBuilder.php(1649): CodeIgniter\Database\BaseConnection->query()
 4 SYSTEMPATH/Model.php(213): CodeIgniter\Database\BaseBuilder->get()
 5 SYSTEMPATH/BaseModel.php(609): CodeIgniter\Model->doFind()
 6 APPPATH/Controllers/Produtos.php(20): CodeIgniter\BaseModel->find()
 7 SYSTEMPATH/CodeIgniter.php(933): App\Controllers\Produtos->index()
 8 SYSTEMPATH/CodeIgniter.php(507): CodeIgniter\CodeIgniter->runController()
 9 SYSTEMPATH/CodeIgniter.php(354): CodeIgniter\CodeIgniter->handleRequest()
10 SYSTEMPATH/Boot.php(334): CodeIgniter\CodeIgniter->run()
11 SYSTEMPATH/Boot.php(67): CodeIgniter\Boot::runCodeIgniter()
12 FCPATH/index.php(56): CodeIgniter\Boot::bootWeb()
13 SYSTEMPATH/rewrite.php(44): require_once('/home/eric/projeto-framework/codeigniter4/public/index.php')
CRITICAL - 2025-06-11 19:12:11 --> [Caused by] mysqli_sql_exception: Unknown column 'produtos_categorias_id' in 'on clause'
in SYSTEMPATH/Database/MySQLi/Connection.php on line 327.
 1 SYSTEMPATH/Database/MySQLi/Connection.php(327): mysqli->query()
 2 SYSTEMPATH/Database/BaseConnection.php(738): CodeIgniter\Database\MySQLi\Connection->execute()
 3 SYSTEMPATH/Database/BaseConnection.php(652): CodeIgniter\Database\BaseConnection->simpleQuery()
 4 SYSTEMPATH/Database/BaseBuilder.php(1649): CodeIgniter\Database\BaseConnection->query()
 5 SYSTEMPATH/Model.php(213): CodeIgniter\Database\BaseBuilder->get()
 6 SYSTEMPATH/BaseModel.php(609): CodeIgniter\Model->doFind()
 7 APPPATH/Controllers/Produtos.php(20): CodeIgniter\BaseModel->find()
 8 SYSTEMPATH/CodeIgniter.php(933): App\Controllers\Produtos->index()
 9 SYSTEMPATH/CodeIgniter.php(507): CodeIgniter\CodeIgniter->runController()
10 SYSTEMPATH/CodeIgniter.php(354): CodeIgniter\CodeIgniter->handleRequest()
11 SYSTEMPATH/Boot.php(334): CodeIgniter\CodeIgniter->run()
12 SYSTEMPATH/Boot.php(67): CodeIgniter\Boot::runCodeIgniter()
13 FCPATH/index.php(56): CodeIgniter\Boot::bootWeb()
14 SYSTEMPATH/rewrite.php(44): require_once('/home/eric/projeto-framework/codeigniter4/public/index.php')
DEBUG - 2025-06-11 19:12:15 --> Session: Class initialized using 'CodeIgniter\Session\Handlers\FileHandler' driver.
DEBUG - 2025-06-11 19:12:18 --> Session: Class initialized using 'CodeIgniter\Session\Handlers\FileHandler' driver.
DEBUG - 2025-06-11 19:12:20 --> Session: Class initialized using 'CodeIgniter\Session\Handlers\FileHandler' driver.
DEBUG - 2025-06-11 19:12:25 --> Session: Class initialized using 'CodeIgniter\Session\Handlers\FileHandler' driver.
DEBUG - 2025-06-11 19:12:27 --> Session: Class initialized using 'CodeIgniter\Session\Handlers\FileHandler' driver.
DEBUG - 2025-06-11 19:12:30 --> Session: Class initialized using 'CodeIgniter\Session\Handlers\FileHandler' driver.
DEBUG - 2025-06-11 19:12:37 --> Session: Class initialized using 'CodeIgniter\Session\Handlers\FileHandler' driver.
CRITICAL - 2025-06-11 19:12:37 --> ErrorException: Attempt to read property "usuarios_id" on null
[Method: POST, Route: enderecos/create/]
in APPPATH/Controllers/Endereco.php on line 65.
 1 APPPATH/Controllers/Endereco.php(65): CodeIgniter\Debug\Exceptions->errorHandler()
 2 SYSTEMPATH/CodeIgniter.php(933): App\Controllers\Endereco->create()
 3 SYSTEMPATH/CodeIgniter.php(507): CodeIgniter\CodeIgniter->runController()
 4 SYSTEMPATH/CodeIgniter.php(354): CodeIgniter\CodeIgniter->handleRequest()
 5 SYSTEMPATH/Boot.php(334): CodeIgniter\CodeIgniter->run()
 6 SYSTEMPATH/Boot.php(67): CodeIgniter\Boot::runCodeIgniter()
 7 FCPATH/index.php(56): CodeIgniter\Boot::bootWeb()
 8 SYSTEMPATH/rewrite.php(44): require_once('/home/eric/projeto-framework/codeigniter4/public/index.php')
DEBUG - 2025-06-11 19:12:47 --> Session: Class initialized using 'CodeIgniter\Session\Handlers\FileHandler' driver.
CRITICAL - 2025-06-11 19:12:47 --> Error: Class "App\Models\Usuarios" not found
[Method: GET, Route: login]
in APPPATH/Controllers/Login.php on line 14.
 1 SYSTEMPATH/CodeIgniter.php(903): App\Controllers\Login->__construct()
 2 SYSTEMPATH/CodeIgniter.php(498): CodeIgniter\CodeIgniter->createController()
 3 SYSTEMPATH/CodeIgniter.php(354): CodeIgniter\CodeIgniter->handleRequest()
 4 SYSTEMPATH/Boot.php(334): CodeIgniter\CodeIgniter->run()
 5 SYSTEMPATH/Boot.php(67): CodeIgniter\Boot::runCodeIgniter()
 6 FCPATH/index.php(56): CodeIgniter\Boot::bootWeb()
 7 SYSTEMPATH/rewrite.php(44): require_once('/home/eric/projeto-framework/codeigniter4/public/index.php')
DEBUG - 2025-06-11 19:12:53 --> Session: Class initialized using 'CodeIgniter\Session\Handlers\FileHandler' driver.
CRITICAL - 2025-06-11 19:12:53 --> ErrorException: Undefined variable $niveis
[Method: GET, Route: usuarios/new]
in APPPATH/Views/usuarios/form.php on line 63.
 1 APPPATH/Views/usuarios/form.php(63): CodeIgniter\Debug\Exceptions->errorHandler()
 2 SYSTEMPATH/View/View.php(224): include('/home/eric/projeto-framework/codeigniter4/app/Views/usuarios/form.php')
 3 SYSTEMPATH/View/View.php(227): CodeIgniter\View\View->CodeIgniter\View\{closure}()
 4 SYSTEMPATH/Common.php(1173): CodeIgniter\View\View->render()
 5 APPPATH/Controllers/Usuarios.php(55): view()
 6 SYSTEMPATH/CodeIgniter.php(933): App\Controllers\Usuarios->new()
 7 SYSTEMPATH/CodeIgniter.php(507): CodeIgniter\CodeIgniter->runController()
 8 SYSTEMPATH/CodeIgniter.php(354): CodeIgniter\CodeIgniter->handleRequest()
 9 SYSTEMPATH/Boot.php(334): CodeIgniter\CodeIgniter->run()
10 SYSTEMPATH/Boot.php(67): CodeIgniter\Boot::runCodeIgniter()
11 FCPATH/index.php(56): CodeIgniter\Boot::bootWeb()
12 SYSTEMPATH/rewrite.php(44): require_once('/home/eric/projeto-framework/codeigniter4/public/index.php')
DEBUG - 2025-06-11 19:12:56 --> Session: Class initialized using 'CodeIgniter\Session\Handlers\FileHandler' driver.
DEBUG - 2025-06-11 19:12:59 --> Session: Class initialized using 'CodeIgniter\Session\Handlers\FileHandler' driver.
CRITICAL - 2025-06-11 19:12:59 --> ErrorException: Undefined variable $niveis
[Method: GET, Route: usuarios/new]
in APPPATH/Views/usuarios/form.php on line 63.
 1 APPPATH/Views/usuarios/form.php(63): CodeIgniter\Debug\Exceptions->errorHandler()
 2 SYSTEMPATH/View/View.php(224): include('/home/eric/projeto-framework/codeigniter4/app/Views/usuarios/form.php')
 3 SYSTEMPATH/View/View.php(227): CodeIgniter\View\View->CodeIgniter\View\{closure}()
 4 SYSTEMPATH/Common.php(1173): CodeIgniter\View\View->render()
 5 APPPATH/Controllers/Usuarios.php(55): view()
 6 SYSTEMPATH/CodeIgniter.php(933): App\Controllers\Usuarios->new()
 7 SYSTEMPATH/CodeIgniter.php(507): CodeIgniter\CodeIgniter->runController()
 8 SYSTEMPATH/CodeIgniter.php(354): CodeIgniter\CodeIgniter->handleRequest()
 9 SYSTEMPATH/Boot.php(334): CodeIgniter\CodeIgniter->run()
10 SYSTEMPATH/Boot.php(67): CodeIgniter\Boot::runCodeIgniter()
11 FCPATH/index.php(56): CodeIgniter\Boot::bootWeb()
12 SYSTEMPATH/rewrite.php(44): require_once('/home/eric/projeto-framework/codeigniter4/public/index.php')
DEBUG - 2025-06-11 19:13:20 --> Session: Class initialized using 'CodeIgniter\Session\Handlers\FileHandler' driver.
CRITICAL - 2025-06-11 19:13:20 --> ErrorException: Undefined variable $niveis
[Method: GET, Route: usuarios/new]
in APPPATH/Views/usuarios/form.php on line 63.
 1 APPPATH/Views/usuarios/form.php(63): CodeIgniter\Debug\Exceptions->errorHandler()
 2 SYSTEMPATH/View/View.php(224): include('/home/eric/projeto-framework/codeigniter4/app/Views/usuarios/form.php')
 3 SYSTEMPATH/View/View.php(227): CodeIgniter\View\View->CodeIgniter\View\{closure}()
 4 SYSTEMPATH/Common.php(1173): CodeIgniter\View\View->render()
 5 APPPATH/Controllers/Usuarios.php(55): view()
 6 SYSTEMPATH/CodeIgniter.php(933): App\Controllers\Usuarios->new()
 7 SYSTEMPATH/CodeIgniter.php(507): CodeIgniter\CodeIgniter->runController()
 8 SYSTEMPATH/CodeIgniter.php(354): CodeIgniter\CodeIgniter->handleRequest()
 9 SYSTEMPATH/Boot.php(334): CodeIgniter\CodeIgniter->run()
10 SYSTEMPATH/Boot.php(67): CodeIgniter\Boot::runCodeIgniter()
11 FCPATH/index.php(56): CodeIgniter\Boot::bootWeb()
12 SYSTEMPATH/rewrite.php(44): require_once('/home/eric/projeto-framework/codeigniter4/public/index.php')
DEBUG - 2025-06-11 19:13:21 --> Session: Class initialized using 'CodeIgniter\Session\Handlers\FileHandler' driver.
CRITICAL - 2025-06-11 19:13:21 --> ErrorException: Undefined variable $niveis
[Method: GET, Route: usuarios/new]
in APPPATH/Views/usuarios/form.php on line 63.
 1 APPPATH/Views/usuarios/form.php(63): CodeIgniter\Debug\Exceptions->errorHandler()
 2 SYSTEMPATH/View/View.php(224): include('/home/eric/projeto-framework/codeigniter4/app/Views/usuarios/form.php')
 3 SYSTEMPATH/View/View.php(227): CodeIgniter\View\View->CodeIgniter\View\{closure}()
 4 SYSTEMPATH/Common.php(1173): CodeIgniter\View\View->render()
 5 APPPATH/Controllers/Usuarios.php(55): view()
 6 SYSTEMPATH/CodeIgniter.php(933): App\Controllers\Usuarios->new()
 7 SYSTEMPATH/CodeIgniter.php(507): CodeIgniter\CodeIgniter->runController()
 8 SYSTEMPATH/CodeIgniter.php(354): CodeIgniter\CodeIgniter->handleRequest()
 9 SYSTEMPATH/Boot.php(334): CodeIgniter\CodeIgniter->run()
10 SYSTEMPATH/Boot.php(67): CodeIgniter\Boot::runCodeIgniter()
11 FCPATH/index.php(56): CodeIgniter\Boot::bootWeb()
12 SYSTEMPATH/rewrite.php(44): require_once('/home/eric/projeto-framework/codeigniter4/public/index.php')
DEBUG - 2025-06-11 19:13:22 --> Session: Class initialized using 'CodeIgniter\Session\Handlers\FileHandler' driver.
CRITICAL - 2025-06-11 19:13:22 --> ErrorException: Undefined variable $niveis
[Method: GET, Route: usuarios/new]
in APPPATH/Views/usuarios/form.php on line 63.
 1 APPPATH/Views/usuarios/form.php(63): CodeIgniter\Debug\Exceptions->errorHandler()
 2 SYSTEMPATH/View/View.php(224): include('/home/eric/projeto-framework/codeigniter4/app/Views/usuarios/form.php')
 3 SYSTEMPATH/View/View.php(227): CodeIgniter\View\View->CodeIgniter\View\{closure}()
 4 SYSTEMPATH/Common.php(1173): CodeIgniter\View\View->render()
 5 APPPATH/Controllers/Usuarios.php(55): view()
 6 SYSTEMPATH/CodeIgniter.php(933): App\Controllers\Usuarios->new()
 7 SYSTEMPATH/CodeIgniter.php(507): CodeIgniter\CodeIgniter->runController()
 8 SYSTEMPATH/CodeIgniter.php(354): CodeIgniter\CodeIgniter->handleRequest()
 9 SYSTEMPATH/Boot.php(334): CodeIgniter\CodeIgniter->run()
10 SYSTEMPATH/Boot.php(67): CodeIgniter\Boot::runCodeIgniter()
11 FCPATH/index.php(56): CodeIgniter\Boot::bootWeb()
12 SYSTEMPATH/rewrite.php(44): require_once('/home/eric/projeto-framework/codeigniter4/public/index.php')
DEBUG - 2025-06-11 19:16:38 --> Session: Class initialized using 'CodeIgniter\Session\Handlers\FileHandler' driver.
DEBUG - 2025-06-11 19:16:40 --> Session: Class initialized using 'CodeIgniter\Session\Handlers\FileHandler' driver.
CRITICAL - 2025-06-11 19:16:40 --> ErrorException: Undefined variable $niveis
[Method: GET, Route: usuarios/new]
in APPPATH/Views/usuarios/form.php on line 63.
 1 APPPATH/Views/usuarios/form.php(63): CodeIgniter\Debug\Exceptions->errorHandler()
 2 SYSTEMPATH/View/View.php(224): include('/home/eric/projeto-framework/codeigniter4/app/Views/usuarios/form.php')
 3 SYSTEMPATH/View/View.php(227): CodeIgniter\View\View->CodeIgniter\View\{closure}()
 4 SYSTEMPATH/Common.php(1173): CodeIgniter\View\View->render()
 5 APPPATH/Controllers/Usuarios.php(55): view()
 6 SYSTEMPATH/CodeIgniter.php(933): App\Controllers\Usuarios->new()
 7 SYSTEMPATH/CodeIgniter.php(507): CodeIgniter\CodeIgniter->runController()
 8 SYSTEMPATH/CodeIgniter.php(354): CodeIgniter\CodeIgniter->handleRequest()
 9 SYSTEMPATH/Boot.php(334): CodeIgniter\CodeIgniter->run()
10 SYSTEMPATH/Boot.php(67): CodeIgniter\Boot::runCodeIgniter()
11 FCPATH/index.php(56): CodeIgniter\Boot::bootWeb()
12 SYSTEMPATH/rewrite.php(44): require_once('/home/eric/projeto-framework/codeigniter4/public/index.php')
DEBUG - 2025-06-11 19:17:10 --> Session: Class initialized using 'CodeIgniter\Session\Handlers\FileHandler' driver.
DEBUG - 2025-06-11 19:21:38 --> Session: Class initialized using 'CodeIgniter\Session\Handlers\FileHandler' driver.
DEBUG - 2025-06-11 19:21:41 --> Session: Class initialized using 'CodeIgniter\Session\Handlers\FileHandler' driver.
DEBUG - 2025-06-11 19:21:44 --> Session: Class initialized using 'CodeIgniter\Session\Handlers\FileHandler' driver.
CRITICAL - 2025-06-11 19:21:44 --> Error: Class "App\Models\Usuarios" not found
[Method: GET, Route: login]
in APPPATH/Controllers/Login.php on line 14.
 1 SYSTEMPATH/CodeIgniter.php(903): App\Controllers\Login->__construct()
 2 SYSTEMPATH/CodeIgniter.php(498): CodeIgniter\CodeIgniter->createController()
 3 SYSTEMPATH/CodeIgniter.php(354): CodeIgniter\CodeIgniter->handleRequest()
 4 SYSTEMPATH/Boot.php(334): CodeIgniter\CodeIgniter->run()
 5 SYSTEMPATH/Boot.php(67): CodeIgniter\Boot::runCodeIgniter()
 6 FCPATH/index.php(56): CodeIgniter\Boot::bootWeb()
 7 SYSTEMPATH/rewrite.php(44): require_once('/home/eric/projeto-framework/codeigniter4/public/index.php')
DEBUG - 2025-06-11 19:26:32 --> Session: Class initialized using 'CodeIgniter\Session\Handlers\FileHandler' driver.
