DEBUG - 2025-06-01 03:42:20 --> Session: Class initialized using 'CodeIgniter\Session\Handlers\FileHandler' driver.
ERROR - 2025-06-01 04:04:56 --> Error connecting to the database: mysqli_sql_exception: Unknown database 'projeto' in /home/eric/projeto-framework/codeigniter4/system/Database/MySQLi/Connection.php:201
Stack trace:
#0 /home/eric/projeto-framework/codeigniter4/system/Database/MySQLi/Connection.php(201): mysqli->real_connect()
#1 /home/eric/projeto-framework/codeigniter4/system/Database/BaseConnection.php(421): CodeIgniter\Database\MySQLi\Connection->connect()
#2 /home/eric/projeto-framework/codeigniter4/system/Database/BaseConnection.php(620): CodeIgniter\Database\BaseConnection->initialize()
#3 /home/eric/projeto-framework/codeigniter4/system/Database/BaseBuilder.php(1649): CodeIgniter\Database\BaseConnection->query()
#4 /home/eric/projeto-framework/codeigniter4/system/Model.php(286): CodeIgniter\Database\BaseBuilder->get()
#5 /home/eric/projeto-framework/codeigniter4/system/BaseModel.php(675): CodeIgniter\Model->doFindAll()
#6 /home/eric/projeto-framework/codeigniter4/app/Controllers/Usuarios.php(17): CodeIgniter\BaseModel->findAll()
#7 /home/eric/projeto-framework/codeigniter4/system/CodeIgniter.php(933): App\Controllers\Usuarios->index()
#8 /home/eric/projeto-framework/codeigniter4/system/CodeIgniter.php(507): CodeIgniter\CodeIgniter->runController()
#9 /home/eric/projeto-framework/codeigniter4/system/CodeIgniter.php(354): CodeIgniter\CodeIgniter->handleRequest()
#10 /home/eric/projeto-framework/codeigniter4/system/Boot.php(334): CodeIgniter\CodeIgniter->run()
#11 /home/eric/projeto-framework/codeigniter4/system/Boot.php(67): CodeIgniter\Boot::runCodeIgniter()
#12 /home/eric/projeto-framework/codeigniter4/public/index.php(56): CodeIgniter\Boot::bootWeb()
#13 /home/eric/projeto-framework/codeigniter4/system/rewrite.php(44): require_once('...')
#14 {main}

Next CodeIgniter\Database\Exceptions\DatabaseException: Unknown database 'projeto' in /home/eric/projeto-framework/codeigniter4/system/Database/MySQLi/Connection.php:246
Stack trace:
#0 /home/eric/projeto-framework/codeigniter4/system/Database/BaseConnection.php(421): CodeIgniter\Database\MySQLi\Connection->connect()
#1 /home/eric/projeto-framework/codeigniter4/system/Database/BaseConnection.php(620): CodeIgniter\Database\BaseConnection->initialize()
#2 /home/eric/projeto-framework/codeigniter4/system/Database/BaseBuilder.php(1649): CodeIgniter\Database\BaseConnection->query()
#3 /home/eric/projeto-framework/codeigniter4/system/Model.php(286): CodeIgniter\Database\BaseBuilder->get()
#4 /home/eric/projeto-framework/codeigniter4/system/BaseModel.php(675): CodeIgniter\Model->doFindAll()
#5 /home/eric/projeto-framework/codeigniter4/app/Controllers/Usuarios.php(17): CodeIgniter\BaseModel->findAll()
#6 /home/eric/projeto-framework/codeigniter4/system/CodeIgniter.php(933): App\Controllers\Usuarios->index()
#7 /home/eric/projeto-framework/codeigniter4/system/CodeIgniter.php(507): CodeIgniter\CodeIgniter->runController()
#8 /home/eric/projeto-framework/codeigniter4/system/CodeIgniter.php(354): CodeIgniter\CodeIgniter->handleRequest()
#9 /home/eric/projeto-framework/codeigniter4/system/Boot.php(334): CodeIgniter\CodeIgniter->run()
#10 /home/eric/projeto-framework/codeigniter4/system/Boot.php(67): CodeIgniter\Boot::runCodeIgniter()
#11 /home/eric/projeto-framework/codeigniter4/public/index.php(56): CodeIgniter\Boot::bootWeb()
#12 /home/eric/projeto-framework/codeigniter4/system/rewrite.php(44): require_once('...')
#13 {main}
CRITICAL - 2025-06-01 04:04:56 --> CodeIgniter\Database\Exceptions\DatabaseException: Unable to connect to the database.
Main connection [MySQLi]: Unknown database 'projeto'
[Method: GET, Route: usuarios]
in SYSTEMPATH/Database/BaseConnection.php on line 467.
 1 SYSTEMPATH/Database/BaseConnection.php(620): CodeIgniter\Database\BaseConnection->initialize()
 2 SYSTEMPATH/Database/BaseBuilder.php(1649): CodeIgniter\Database\BaseConnection->query()
 3 SYSTEMPATH/Model.php(286): CodeIgniter\Database\BaseBuilder->get()
 4 SYSTEMPATH/BaseModel.php(675): CodeIgniter\Model->doFindAll()
 5 APPPATH/Controllers/Usuarios.php(17): CodeIgniter\BaseModel->findAll()
 6 SYSTEMPATH/CodeIgniter.php(933): App\Controllers\Usuarios->index()
 7 SYSTEMPATH/CodeIgniter.php(507): CodeIgniter\CodeIgniter->runController()
 8 SYSTEMPATH/CodeIgniter.php(354): CodeIgniter\CodeIgniter->handleRequest()
 9 SYSTEMPATH/Boot.php(334): CodeIgniter\CodeIgniter->run()
10 SYSTEMPATH/Boot.php(67): CodeIgniter\Boot::runCodeIgniter()
11 FCPATH/index.php(56): CodeIgniter\Boot::bootWeb()
12 SYSTEMPATH/rewrite.php(44): require_once('/home/eric/projeto-framework/codeigniter4/public/index.php')
DEBUG - 2025-06-01 04:11:04 --> Session: Class initialized using 'CodeIgniter\Session\Handlers\FileHandler' driver.
DEBUG - 2025-06-01 04:11:26 --> Session: Class initialized using 'CodeIgniter\Session\Handlers\FileHandler' driver.
ERROR - 2025-06-01 04:11:29 --> Error connecting to the database: mysqli_sql_exception: Connection refused in /home/eric/projeto-framework/codeigniter4/system/Database/MySQLi/Connection.php:201
Stack trace:
#0 /home/eric/projeto-framework/codeigniter4/system/Database/MySQLi/Connection.php(201): mysqli->real_connect()
#1 /home/eric/projeto-framework/codeigniter4/system/Database/BaseConnection.php(421): CodeIgniter\Database\MySQLi\Connection->connect()
#2 /home/eric/projeto-framework/codeigniter4/system/Database/BaseConnection.php(620): CodeIgniter\Database\BaseConnection->initialize()
#3 /home/eric/projeto-framework/codeigniter4/system/Database/BaseBuilder.php(1649): CodeIgniter\Database\BaseConnection->query()
#4 /home/eric/projeto-framework/codeigniter4/system/Model.php(286): CodeIgniter\Database\BaseBuilder->get()
#5 /home/eric/projeto-framework/codeigniter4/system/BaseModel.php(675): CodeIgniter\Model->doFindAll()
#6 /home/eric/projeto-framework/codeigniter4/app/Controllers/Usuarios.php(17): CodeIgniter\BaseModel->findAll()
#7 /home/eric/projeto-framework/codeigniter4/system/CodeIgniter.php(933): App\Controllers\Usuarios->index()
#8 /home/eric/projeto-framework/codeigniter4/system/CodeIgniter.php(507): CodeIgniter\CodeIgniter->runController()
#9 /home/eric/projeto-framework/codeigniter4/system/CodeIgniter.php(354): CodeIgniter\CodeIgniter->handleRequest()
#10 /home/eric/projeto-framework/codeigniter4/system/Boot.php(334): CodeIgniter\CodeIgniter->run()
#11 /home/eric/projeto-framework/codeigniter4/system/Boot.php(67): CodeIgniter\Boot::runCodeIgniter()
#12 /home/eric/projeto-framework/codeigniter4/public/index.php(56): CodeIgniter\Boot::bootWeb()
#13 /home/eric/projeto-framework/codeigniter4/system/rewrite.php(44): require_once('...')
#14 {main}

Next CodeIgniter\Database\Exceptions\DatabaseException: Connection refused in /home/eric/projeto-framework/codeigniter4/system/Database/MySQLi/Connection.php:246
Stack trace:
#0 /home/eric/projeto-framework/codeigniter4/system/Database/BaseConnection.php(421): CodeIgniter\Database\MySQLi\Connection->connect()
#1 /home/eric/projeto-framework/codeigniter4/system/Database/BaseConnection.php(620): CodeIgniter\Database\BaseConnection->initialize()
#2 /home/eric/projeto-framework/codeigniter4/system/Database/BaseBuilder.php(1649): CodeIgniter\Database\BaseConnection->query()
#3 /home/eric/projeto-framework/codeigniter4/system/Model.php(286): CodeIgniter\Database\BaseBuilder->get()
#4 /home/eric/projeto-framework/codeigniter4/system/BaseModel.php(675): CodeIgniter\Model->doFindAll()
#5 /home/eric/projeto-framework/codeigniter4/app/Controllers/Usuarios.php(17): CodeIgniter\BaseModel->findAll()
#6 /home/eric/projeto-framework/codeigniter4/system/CodeIgniter.php(933): App\Controllers\Usuarios->index()
#7 /home/eric/projeto-framework/codeigniter4/system/CodeIgniter.php(507): CodeIgniter\CodeIgniter->runController()
#8 /home/eric/projeto-framework/codeigniter4/system/CodeIgniter.php(354): CodeIgniter\CodeIgniter->handleRequest()
#9 /home/eric/projeto-framework/codeigniter4/system/Boot.php(334): CodeIgniter\CodeIgniter->run()
#10 /home/eric/projeto-framework/codeigniter4/system/Boot.php(67): CodeIgniter\Boot::runCodeIgniter()
#11 /home/eric/projeto-framework/codeigniter4/public/index.php(56): CodeIgniter\Boot::bootWeb()
#12 /home/eric/projeto-framework/codeigniter4/system/rewrite.php(44): require_once('...')
#13 {main}
CRITICAL - 2025-06-01 04:11:29 --> CodeIgniter\Database\Exceptions\DatabaseException: Unable to connect to the database.
Main connection [MySQLi]: Connection refused
[Method: GET, Route: usuarios]
in SYSTEMPATH/Database/BaseConnection.php on line 467.
 1 SYSTEMPATH/Database/BaseConnection.php(620): CodeIgniter\Database\BaseConnection->initialize()
 2 SYSTEMPATH/Database/BaseBuilder.php(1649): CodeIgniter\Database\BaseConnection->query()
 3 SYSTEMPATH/Model.php(286): CodeIgniter\Database\BaseBuilder->get()
 4 SYSTEMPATH/BaseModel.php(675): CodeIgniter\Model->doFindAll()
 5 APPPATH/Controllers/Usuarios.php(17): CodeIgniter\BaseModel->findAll()
 6 SYSTEMPATH/CodeIgniter.php(933): App\Controllers\Usuarios->index()
 7 SYSTEMPATH/CodeIgniter.php(507): CodeIgniter\CodeIgniter->runController()
 8 SYSTEMPATH/CodeIgniter.php(354): CodeIgniter\CodeIgniter->handleRequest()
 9 SYSTEMPATH/Boot.php(334): CodeIgniter\CodeIgniter->run()
10 SYSTEMPATH/Boot.php(67): CodeIgniter\Boot::runCodeIgniter()
11 FCPATH/index.php(56): CodeIgniter\Boot::bootWeb()
12 SYSTEMPATH/rewrite.php(44): require_once('/home/eric/projeto-framework/codeigniter4/public/index.php')
ERROR - 2025-06-01 04:15:45 --> Error connecting to the database: mysqli_sql_exception: Connection refused in /home/eric/projeto-framework/codeigniter4/system/Database/MySQLi/Connection.php:201
Stack trace:
#0 /home/eric/projeto-framework/codeigniter4/system/Database/MySQLi/Connection.php(201): mysqli->real_connect()
#1 /home/eric/projeto-framework/codeigniter4/system/Database/BaseConnection.php(421): CodeIgniter\Database\MySQLi\Connection->connect()
#2 /home/eric/projeto-framework/codeigniter4/system/Database/BaseConnection.php(620): CodeIgniter\Database\BaseConnection->initialize()
#3 /home/eric/projeto-framework/codeigniter4/system/Database/BaseBuilder.php(1649): CodeIgniter\Database\BaseConnection->query()
#4 /home/eric/projeto-framework/codeigniter4/system/Model.php(286): CodeIgniter\Database\BaseBuilder->get()
#5 /home/eric/projeto-framework/codeigniter4/system/BaseModel.php(675): CodeIgniter\Model->doFindAll()
#6 /home/eric/projeto-framework/codeigniter4/app/Controllers/Usuarios.php(17): CodeIgniter\BaseModel->findAll()
#7 /home/eric/projeto-framework/codeigniter4/system/CodeIgniter.php(933): App\Controllers\Usuarios->index()
#8 /home/eric/projeto-framework/codeigniter4/system/CodeIgniter.php(507): CodeIgniter\CodeIgniter->runController()
#9 /home/eric/projeto-framework/codeigniter4/system/CodeIgniter.php(354): CodeIgniter\CodeIgniter->handleRequest()
#10 /home/eric/projeto-framework/codeigniter4/system/Boot.php(334): CodeIgniter\CodeIgniter->run()
#11 /home/eric/projeto-framework/codeigniter4/system/Boot.php(67): CodeIgniter\Boot::runCodeIgniter()
#12 /home/eric/projeto-framework/codeigniter4/public/index.php(56): CodeIgniter\Boot::bootWeb()
#13 /home/eric/projeto-framework/codeigniter4/system/rewrite.php(44): require_once('...')
#14 {main}

Next CodeIgniter\Database\Exceptions\DatabaseException: Connection refused in /home/eric/projeto-framework/codeigniter4/system/Database/MySQLi/Connection.php:246
Stack trace:
#0 /home/eric/projeto-framework/codeigniter4/system/Database/BaseConnection.php(421): CodeIgniter\Database\MySQLi\Connection->connect()
#1 /home/eric/projeto-framework/codeigniter4/system/Database/BaseConnection.php(620): CodeIgniter\Database\BaseConnection->initialize()
#2 /home/eric/projeto-framework/codeigniter4/system/Database/BaseBuilder.php(1649): CodeIgniter\Database\BaseConnection->query()
#3 /home/eric/projeto-framework/codeigniter4/system/Model.php(286): CodeIgniter\Database\BaseBuilder->get()
#4 /home/eric/projeto-framework/codeigniter4/system/BaseModel.php(675): CodeIgniter\Model->doFindAll()
#5 /home/eric/projeto-framework/codeigniter4/app/Controllers/Usuarios.php(17): CodeIgniter\BaseModel->findAll()
#6 /home/eric/projeto-framework/codeigniter4/system/CodeIgniter.php(933): App\Controllers\Usuarios->index()
#7 /home/eric/projeto-framework/codeigniter4/system/CodeIgniter.php(507): CodeIgniter\CodeIgniter->runController()
#8 /home/eric/projeto-framework/codeigniter4/system/CodeIgniter.php(354): CodeIgniter\CodeIgniter->handleRequest()
#9 /home/eric/projeto-framework/codeigniter4/system/Boot.php(334): CodeIgniter\CodeIgniter->run()
#10 /home/eric/projeto-framework/codeigniter4/system/Boot.php(67): CodeIgniter\Boot::runCodeIgniter()
#11 /home/eric/projeto-framework/codeigniter4/public/index.php(56): CodeIgniter\Boot::bootWeb()
#12 /home/eric/projeto-framework/codeigniter4/system/rewrite.php(44): require_once('...')
#13 {main}
CRITICAL - 2025-06-01 04:15:45 --> CodeIgniter\Database\Exceptions\DatabaseException: Unable to connect to the database.
Main connection [MySQLi]: Connection refused
[Method: GET, Route: usuarios]
in SYSTEMPATH/Database/BaseConnection.php on line 467.
 1 SYSTEMPATH/Database/BaseConnection.php(620): CodeIgniter\Database\BaseConnection->initialize()
 2 SYSTEMPATH/Database/BaseBuilder.php(1649): CodeIgniter\Database\BaseConnection->query()
 3 SYSTEMPATH/Model.php(286): CodeIgniter\Database\BaseBuilder->get()
 4 SYSTEMPATH/BaseModel.php(675): CodeIgniter\Model->doFindAll()
 5 APPPATH/Controllers/Usuarios.php(17): CodeIgniter\BaseModel->findAll()
 6 SYSTEMPATH/CodeIgniter.php(933): App\Controllers\Usuarios->index()
 7 SYSTEMPATH/CodeIgniter.php(507): CodeIgniter\CodeIgniter->runController()
 8 SYSTEMPATH/CodeIgniter.php(354): CodeIgniter\CodeIgniter->handleRequest()
 9 SYSTEMPATH/Boot.php(334): CodeIgniter\CodeIgniter->run()
10 SYSTEMPATH/Boot.php(67): CodeIgniter\Boot::runCodeIgniter()
11 FCPATH/index.php(56): CodeIgniter\Boot::bootWeb()
12 SYSTEMPATH/rewrite.php(44): require_once('/home/eric/projeto-framework/codeigniter4/public/index.php')
DEBUG - 2025-06-01 04:15:47 --> Session: Class initialized using 'CodeIgniter\Session\Handlers\FileHandler' driver.
ERROR - 2025-06-01 04:15:52 --> Error connecting to the database: mysqli_sql_exception: Connection refused in /home/eric/projeto-framework/codeigniter4/system/Database/MySQLi/Connection.php:201
Stack trace:
#0 /home/eric/projeto-framework/codeigniter4/system/Database/MySQLi/Connection.php(201): mysqli->real_connect()
#1 /home/eric/projeto-framework/codeigniter4/system/Database/BaseConnection.php(421): CodeIgniter\Database\MySQLi\Connection->connect()
#2 /home/eric/projeto-framework/codeigniter4/system/Database/BaseConnection.php(620): CodeIgniter\Database\BaseConnection->initialize()
#3 /home/eric/projeto-framework/codeigniter4/system/Database/BaseBuilder.php(1649): CodeIgniter\Database\BaseConnection->query()
#4 /home/eric/projeto-framework/codeigniter4/system/Model.php(213): CodeIgniter\Database\BaseBuilder->get()
#5 /home/eric/projeto-framework/codeigniter4/system/BaseModel.php(609): CodeIgniter\Model->doFind()
#6 /home/eric/projeto-framework/codeigniter4/app/Controllers/Endereco.php(32): CodeIgniter\BaseModel->find()
#7 /home/eric/projeto-framework/codeigniter4/system/CodeIgniter.php(933): App\Controllers\Endereco->index()
#8 /home/eric/projeto-framework/codeigniter4/system/CodeIgniter.php(507): CodeIgniter\CodeIgniter->runController()
#9 /home/eric/projeto-framework/codeigniter4/system/CodeIgniter.php(354): CodeIgniter\CodeIgniter->handleRequest()
#10 /home/eric/projeto-framework/codeigniter4/system/Boot.php(334): CodeIgniter\CodeIgniter->run()
#11 /home/eric/projeto-framework/codeigniter4/system/Boot.php(67): CodeIgniter\Boot::runCodeIgniter()
#12 /home/eric/projeto-framework/codeigniter4/public/index.php(56): CodeIgniter\Boot::bootWeb()
#13 /home/eric/projeto-framework/codeigniter4/system/rewrite.php(44): require_once('...')
#14 {main}

Next CodeIgniter\Database\Exceptions\DatabaseException: Connection refused in /home/eric/projeto-framework/codeigniter4/system/Database/MySQLi/Connection.php:246
Stack trace:
#0 /home/eric/projeto-framework/codeigniter4/system/Database/BaseConnection.php(421): CodeIgniter\Database\MySQLi\Connection->connect()
#1 /home/eric/projeto-framework/codeigniter4/system/Database/BaseConnection.php(620): CodeIgniter\Database\BaseConnection->initialize()
#2 /home/eric/projeto-framework/codeigniter4/system/Database/BaseBuilder.php(1649): CodeIgniter\Database\BaseConnection->query()
#3 /home/eric/projeto-framework/codeigniter4/system/Model.php(213): CodeIgniter\Database\BaseBuilder->get()
#4 /home/eric/projeto-framework/codeigniter4/system/BaseModel.php(609): CodeIgniter\Model->doFind()
#5 /home/eric/projeto-framework/codeigniter4/app/Controllers/Endereco.php(32): CodeIgniter\BaseModel->find()
#6 /home/eric/projeto-framework/codeigniter4/system/CodeIgniter.php(933): App\Controllers\Endereco->index()
#7 /home/eric/projeto-framework/codeigniter4/system/CodeIgniter.php(507): CodeIgniter\CodeIgniter->runController()
#8 /home/eric/projeto-framework/codeigniter4/system/CodeIgniter.php(354): CodeIgniter\CodeIgniter->handleRequest()
#9 /home/eric/projeto-framework/codeigniter4/system/Boot.php(334): CodeIgniter\CodeIgniter->run()
#10 /home/eric/projeto-framework/codeigniter4/system/Boot.php(67): CodeIgniter\Boot::runCodeIgniter()
#11 /home/eric/projeto-framework/codeigniter4/public/index.php(56): CodeIgniter\Boot::bootWeb()
#12 /home/eric/projeto-framework/codeigniter4/system/rewrite.php(44): require_once('...')
#13 {main}
CRITICAL - 2025-06-01 04:15:52 --> CodeIgniter\Database\Exceptions\DatabaseException: Unable to connect to the database.
Main connection [MySQLi]: Connection refused
[Method: GET, Route: enderecos]
in SYSTEMPATH/Database/BaseConnection.php on line 467.
 1 SYSTEMPATH/Database/BaseConnection.php(620): CodeIgniter\Database\BaseConnection->initialize()
 2 SYSTEMPATH/Database/BaseBuilder.php(1649): CodeIgniter\Database\BaseConnection->query()
 3 SYSTEMPATH/Model.php(213): CodeIgniter\Database\BaseBuilder->get()
 4 SYSTEMPATH/BaseModel.php(609): CodeIgniter\Model->doFind()
 5 APPPATH/Controllers/Endereco.php(32): CodeIgniter\BaseModel->find()
 6 SYSTEMPATH/CodeIgniter.php(933): App\Controllers\Endereco->index()
 7 SYSTEMPATH/CodeIgniter.php(507): CodeIgniter\CodeIgniter->runController()
 8 SYSTEMPATH/CodeIgniter.php(354): CodeIgniter\CodeIgniter->handleRequest()
 9 SYSTEMPATH/Boot.php(334): CodeIgniter\CodeIgniter->run()
10 SYSTEMPATH/Boot.php(67): CodeIgniter\Boot::runCodeIgniter()
11 FCPATH/index.php(56): CodeIgniter\Boot::bootWeb()
12 SYSTEMPATH/rewrite.php(44): require_once('/home/eric/projeto-framework/codeigniter4/public/index.php')
DEBUG - 2025-06-01 04:16:31 --> Session: Class initialized using 'CodeIgniter\Session\Handlers\FileHandler' driver.
DEBUG - 2025-06-01 04:16:39 --> Session: Class initialized using 'CodeIgniter\Session\Handlers\FileHandler' driver.
DEBUG - 2025-06-01 04:16:46 --> Session: Class initialized using 'CodeIgniter\Session\Handlers\FileHandler' driver.
CRITICAL - 2025-06-01 04:16:46 --> ErrorException: Attempt to read property "usuarios_id" on null
[Method: POST, Route: enderecos/create/]
in APPPATH/Controllers/Endereco.php on line 65.
 1 APPPATH/Controllers/Endereco.php(65): CodeIgniter\Debug\Exceptions->errorHandler()
 2 SYSTEMPATH/CodeIgniter.php(933): App\Controllers\Endereco->create()
 3 SYSTEMPATH/CodeIgniter.php(507): CodeIgniter\CodeIgniter->runController()
 4 SYSTEMPATH/CodeIgniter.php(354): CodeIgniter\CodeIgniter->handleRequest()
 5 SYSTEMPATH/Boot.php(334): CodeIgniter\CodeIgniter->run()
 6 SYSTEMPATH/Boot.php(67): CodeIgniter\Boot::runCodeIgniter()
 7 FCPATH/index.php(56): CodeIgniter\Boot::bootWeb()
 8 SYSTEMPATH/rewrite.php(44): require_once('/home/eric/projeto-framework/codeigniter4/public/index.php')
DEBUG - 2025-06-01 04:16:52 --> Session: Class initialized using 'CodeIgniter\Session\Handlers\FileHandler' driver.
DEBUG - 2025-06-01 04:16:58 --> Session: Class initialized using 'CodeIgniter\Session\Handlers\FileHandler' driver.
DEBUG - 2025-06-01 04:17:10 --> Session: Class initialized using 'CodeIgniter\Session\Handlers\FileHandler' driver.
DEBUG - 2025-06-01 04:17:14 --> Session: Class initialized using 'CodeIgniter\Session\Handlers\FileHandler' driver.
DEBUG - 2025-06-01 04:17:22 --> Session: Class initialized using 'CodeIgniter\Session\Handlers\FileHandler' driver.
DEBUG - 2025-06-01 04:17:24 --> Session: Class initialized using 'CodeIgniter\Session\Handlers\FileHandler' driver.
DEBUG - 2025-06-01 04:17:30 --> Session: Class initialized using 'CodeIgniter\Session\Handlers\FileHandler' driver.
DEBUG - 2025-06-01 04:17:32 --> Session: Class initialized using 'CodeIgniter\Session\Handlers\FileHandler' driver.
DEBUG - 2025-06-01 04:17:36 --> Session: Class initialized using 'CodeIgniter\Session\Handlers\FileHandler' driver.
DEBUG - 2025-06-01 04:17:38 --> Session: Class initialized using 'CodeIgniter\Session\Handlers\FileHandler' driver.
DEBUG - 2025-06-01 04:17:39 --> Session: Class initialized using 'CodeIgniter\Session\Handlers\FileHandler' driver.
DEBUG - 2025-06-01 04:17:56 --> Session: Class initialized using 'CodeIgniter\Session\Handlers\FileHandler' driver.
