DEBUG - 2025-06-06 19:39:20 --> Session: Class initialized using 'CodeIgniter\Session\Handlers\FileHandler' driver.
DEBUG - 2025-06-06 19:39:26 --> Session: Class initialized using 'CodeIgniter\Session\Handlers\FileHandler' driver.
DEBUG - 2025-06-06 19:39:30 --> Session: Class initialized using 'CodeIgniter\Session\Handlers\FileHandler' driver.
CRITICAL - 2025-06-06 19:39:30 --> ErrorException: Undefined property: stdClass::$usuarios_sobrenome
[Method: GET, Route: usuarios]
in APPPATH/Views/usuarios/index.php on line 46.
 1 APPPATH/Views/usuarios/index.php(46): CodeIgniter\Debug\Exceptions->errorHandler()
 2 SYSTEMPATH/View/View.php(224): include('/home/eric/projeto-framework/codeigniter4/app/Views/usuarios/index.php')
 3 SYSTEMPATH/View/View.php(227): CodeIgniter\View\View->CodeIgniter\View\{closure}()
 4 SYSTEMPATH/Common.php(1173): CodeIgniter\View\View->render()
 5 APPPATH/Controllers/Usuarios.php(18): view()
 6 SYSTEMPATH/CodeIgniter.php(933): App\Controllers\Usuarios->index()
 7 SYSTEMPATH/CodeIgniter.php(507): CodeIgniter\CodeIgniter->runController()
 8 SYSTEMPATH/CodeIgniter.php(354): CodeIgniter\CodeIgniter->handleRequest()
 9 SYSTEMPATH/Boot.php(334): CodeIgniter\CodeIgniter->run()
10 SYSTEMPATH/Boot.php(67): CodeIgniter\Boot::runCodeIgniter()
11 FCPATH/index.php(56): CodeIgniter\Boot::bootWeb()
12 SYSTEMPATH/rewrite.php(44): require_once('/home/eric/projeto-framework/codeigniter4/public/index.php')
DEBUG - 2025-06-06 19:47:31 --> Session: Class initialized using 'CodeIgniter\Session\Handlers\FileHandler' driver.
CRITICAL - 2025-06-06 19:47:31 --> ErrorException: Undefined property: stdClass::$usuarios_sobrenome
[Method: GET, Route: usuarios]
in APPPATH/Views/usuarios/index.php on line 46.
 1 APPPATH/Views/usuarios/index.php(46): CodeIgniter\Debug\Exceptions->errorHandler()
 2 SYSTEMPATH/View/View.php(224): include('/home/eric/projeto-framework/codeigniter4/app/Views/usuarios/index.php')
 3 SYSTEMPATH/View/View.php(227): CodeIgniter\View\View->CodeIgniter\View\{closure}()
 4 SYSTEMPATH/Common.php(1173): CodeIgniter\View\View->render()
 5 APPPATH/Controllers/Usuarios.php(18): view()
 6 SYSTEMPATH/CodeIgniter.php(933): App\Controllers\Usuarios->index()
 7 SYSTEMPATH/CodeIgniter.php(507): CodeIgniter\CodeIgniter->runController()
 8 SYSTEMPATH/CodeIgniter.php(354): CodeIgniter\CodeIgniter->handleRequest()
 9 SYSTEMPATH/Boot.php(334): CodeIgniter\CodeIgniter->run()
10 SYSTEMPATH/Boot.php(67): CodeIgniter\Boot::runCodeIgniter()
11 FCPATH/index.php(56): CodeIgniter\Boot::bootWeb()
12 SYSTEMPATH/rewrite.php(44): require_once('/home/eric/projeto-framework/codeigniter4/public/index.php')
DEBUG - 2025-06-06 19:48:18 --> Session: Class initialized using 'CodeIgniter\Session\Handlers\FileHandler' driver.
DEBUG - 2025-06-06 19:48:24 --> Session: Class initialized using 'CodeIgniter\Session\Handlers\FileHandler' driver.
CRITICAL - 2025-06-06 19:48:36 --> ErrorException: Undefined array key "usuarios_sobrenome"
[Method: POST, Route: usuarios/create]
in APPPATH/Controllers/Usuarios.php on line 56.
 1 APPPATH/Controllers/Usuarios.php(56): CodeIgniter\Debug\Exceptions->errorHandler()
 2 SYSTEMPATH/CodeIgniter.php(933): App\Controllers\Usuarios->create()
 3 SYSTEMPATH/CodeIgniter.php(507): CodeIgniter\CodeIgniter->runController()
 4 SYSTEMPATH/CodeIgniter.php(354): CodeIgniter\CodeIgniter->handleRequest()
 5 SYSTEMPATH/Boot.php(334): CodeIgniter\CodeIgniter->run()
 6 SYSTEMPATH/Boot.php(67): CodeIgniter\Boot::runCodeIgniter()
 7 FCPATH/index.php(56): CodeIgniter\Boot::bootWeb()
 8 SYSTEMPATH/rewrite.php(44): require_once('/home/eric/projeto-framework/codeigniter4/public/index.php')
CRITICAL - 2025-06-06 19:49:36 --> ErrorException: Undefined array key "usuarios_sobrenome"
[Method: POST, Route: usuarios/create]
in APPPATH/Controllers/Usuarios.php on line 52.
 1 APPPATH/Controllers/Usuarios.php(52): CodeIgniter\Debug\Exceptions->errorHandler()
 2 SYSTEMPATH/CodeIgniter.php(933): App\Controllers\Usuarios->create()
 3 SYSTEMPATH/CodeIgniter.php(507): CodeIgniter\CodeIgniter->runController()
 4 SYSTEMPATH/CodeIgniter.php(354): CodeIgniter\CodeIgniter->handleRequest()
 5 SYSTEMPATH/Boot.php(334): CodeIgniter\CodeIgniter->run()
 6 SYSTEMPATH/Boot.php(67): CodeIgniter\Boot::runCodeIgniter()
 7 FCPATH/index.php(56): CodeIgniter\Boot::bootWeb()
 8 SYSTEMPATH/rewrite.php(44): require_once('/home/eric/projeto-framework/codeigniter4/public/index.php')
DEBUG - 2025-06-06 19:50:09 --> Session: Class initialized using 'CodeIgniter\Session\Handlers\FileHandler' driver.
DEBUG - 2025-06-06 19:50:11 --> Session: Class initialized using 'CodeIgniter\Session\Handlers\FileHandler' driver.
DEBUG - 2025-06-06 19:50:12 --> Session: Class initialized using 'CodeIgniter\Session\Handlers\FileHandler' driver.
DEBUG - 2025-06-06 19:50:19 --> Session: Class initialized using 'CodeIgniter\Session\Handlers\FileHandler' driver.
DEBUG - 2025-06-06 19:51:03 --> Session: Class initialized using 'CodeIgniter\Session\Handlers\FileHandler' driver.
DEBUG - 2025-06-06 19:51:04 --> Session: Class initialized using 'CodeIgniter\Session\Handlers\FileHandler' driver.
DEBUG - 2025-06-06 19:51:04 --> Session: Class initialized using 'CodeIgniter\Session\Handlers\FileHandler' driver.
DEBUG - 2025-06-06 19:51:04 --> Session: Class initialized using 'CodeIgniter\Session\Handlers\FileHandler' driver.
DEBUG - 2025-06-06 19:51:04 --> Session: Class initialized using 'CodeIgniter\Session\Handlers\FileHandler' driver.
DEBUG - 2025-06-06 19:51:05 --> Session: Class initialized using 'CodeIgniter\Session\Handlers\FileHandler' driver.
DEBUG - 2025-06-06 19:51:42 --> Session: Class initialized using 'CodeIgniter\Session\Handlers\FileHandler' driver.
DEBUG - 2025-06-06 19:51:44 --> Session: Class initialized using 'CodeIgniter\Session\Handlers\FileHandler' driver.
DEBUG - 2025-06-06 19:51:51 --> Session: Class initialized using 'CodeIgniter\Session\Handlers\FileHandler' driver.
DEBUG - 2025-06-06 19:53:08 --> Session: Class initialized using 'CodeIgniter\Session\Handlers\FileHandler' driver.
DEBUG - 2025-06-06 19:53:10 --> Session: Class initialized using 'CodeIgniter\Session\Handlers\FileHandler' driver.
DEBUG - 2025-06-06 19:53:11 --> Session: Class initialized using 'CodeIgniter\Session\Handlers\FileHandler' driver.
DEBUG - 2025-06-06 19:53:14 --> Session: Class initialized using 'CodeIgniter\Session\Handlers\FileHandler' driver.
DEBUG - 2025-06-06 19:53:15 --> Session: Class initialized using 'CodeIgniter\Session\Handlers\FileHandler' driver.
DEBUG - 2025-06-06 19:53:21 --> Session: Class initialized using 'CodeIgniter\Session\Handlers\FileHandler' driver.
DEBUG - 2025-06-06 20:45:10 --> Session: Class initialized using 'CodeIgniter\Session\Handlers\FileHandler' driver.
DEBUG - 2025-06-06 20:45:10 --> Session: Class initialized using 'CodeIgniter\Session\Handlers\FileHandler' driver.
DEBUG - 2025-06-06 20:45:11 --> Session: Class initialized using 'CodeIgniter\Session\Handlers\FileHandler' driver.
DEBUG - 2025-06-06 20:45:11 --> Session: Class initialized using 'CodeIgniter\Session\Handlers\FileHandler' driver.
DEBUG - 2025-06-06 20:45:11 --> Session: Class initialized using 'CodeIgniter\Session\Handlers\FileHandler' driver.
DEBUG - 2025-06-06 20:45:11 --> Session: Class initialized using 'CodeIgniter\Session\Handlers\FileHandler' driver.
DEBUG - 2025-06-06 20:45:12 --> Session: Class initialized using 'CodeIgniter\Session\Handlers\FileHandler' driver.
DEBUG - 2025-06-06 20:45:12 --> Session: Class initialized using 'CodeIgniter\Session\Handlers\FileHandler' driver.
DEBUG - 2025-06-06 20:45:12 --> Session: Class initialized using 'CodeIgniter\Session\Handlers\FileHandler' driver.
DEBUG - 2025-06-06 20:45:12 --> Session: Class initialized using 'CodeIgniter\Session\Handlers\FileHandler' driver.
DEBUG - 2025-06-06 20:45:13 --> Session: Class initialized using 'CodeIgniter\Session\Handlers\FileHandler' driver.
DEBUG - 2025-06-06 20:46:01 --> Session: Class initialized using 'CodeIgniter\Session\Handlers\FileHandler' driver.
DEBUG - 2025-06-06 20:57:29 --> Session: Class initialized using 'CodeIgniter\Session\Handlers\FileHandler' driver.
DEBUG - 2025-06-06 20:57:45 --> Session: Class initialized using 'CodeIgniter\Session\Handlers\FileHandler' driver.
DEBUG - 2025-06-06 20:57:46 --> Session: Class initialized using 'CodeIgniter\Session\Handlers\FileHandler' driver.
DEBUG - 2025-06-06 20:57:46 --> Session: Class initialized using 'CodeIgniter\Session\Handlers\FileHandler' driver.
DEBUG - 2025-06-06 20:57:46 --> Session: Class initialized using 'CodeIgniter\Session\Handlers\FileHandler' driver.
DEBUG - 2025-06-06 20:57:47 --> Session: Class initialized using 'CodeIgniter\Session\Handlers\FileHandler' driver.
DEBUG - 2025-06-06 20:57:47 --> Session: Class initialized using 'CodeIgniter\Session\Handlers\FileHandler' driver.
DEBUG - 2025-06-06 20:57:47 --> Session: Class initialized using 'CodeIgniter\Session\Handlers\FileHandler' driver.
DEBUG - 2025-06-06 20:58:02 --> Session: Class initialized using 'CodeIgniter\Session\Handlers\FileHandler' driver.
DEBUG - 2025-06-06 20:58:04 --> Session: Class initialized using 'CodeIgniter\Session\Handlers\FileHandler' driver.
DEBUG - 2025-06-06 21:01:11 --> Session: Class initialized using 'CodeIgniter\Session\Handlers\FileHandler' driver.
DEBUG - 2025-06-06 21:03:08 --> Session: Class initialized using 'CodeIgniter\Session\Handlers\FileHandler' driver.
DEBUG - 2025-06-06 21:03:11 --> Session: Class initialized using 'CodeIgniter\Session\Handlers\FileHandler' driver.
CRITICAL - 2025-06-06 21:03:11 --> ErrorException: Undefined property: stdClass::$usuarios_id
[Method: GET, Route: usuarios/new]
in APPPATH/Views/usuarios/form.php on line 40.
 1 APPPATH/Views/usuarios/form.php(40): CodeIgniter\Debug\Exceptions->errorHandler()
 2 SYSTEMPATH/View/View.php(224): include('/home/eric/projeto-framework/codeigniter4/app/Views/usuarios/form.php')
 3 SYSTEMPATH/View/View.php(227): CodeIgniter\View\View->CodeIgniter\View\{closure}()
 4 SYSTEMPATH/Common.php(1173): CodeIgniter\View\View->render()
 5 APPPATH/Controllers/Usuarios.php(32): view()
 6 SYSTEMPATH/CodeIgniter.php(933): App\Controllers\Usuarios->new()
 7 SYSTEMPATH/CodeIgniter.php(507): CodeIgniter\CodeIgniter->runController()
 8 SYSTEMPATH/CodeIgniter.php(354): CodeIgniter\CodeIgniter->handleRequest()
 9 SYSTEMPATH/Boot.php(334): CodeIgniter\CodeIgniter->run()
10 SYSTEMPATH/Boot.php(67): CodeIgniter\Boot::runCodeIgniter()
11 FCPATH/index.php(56): CodeIgniter\Boot::bootWeb()
12 SYSTEMPATH/rewrite.php(44): require_once('/home/eric/projeto-framework/codeigniter4/public/index.php')
DEBUG - 2025-06-06 21:05:05 --> Session: Class initialized using 'CodeIgniter\Session\Handlers\FileHandler' driver.
CRITICAL - 2025-06-06 21:05:05 --> ErrorException: Undefined property: stdClass::$usuarios_id
[Method: GET, Route: usuarios/new]
in APPPATH/Views/usuarios/form.php on line 40.
 1 APPPATH/Views/usuarios/form.php(40): CodeIgniter\Debug\Exceptions->errorHandler()
 2 SYSTEMPATH/View/View.php(224): include('/home/eric/projeto-framework/codeigniter4/app/Views/usuarios/form.php')
 3 SYSTEMPATH/View/View.php(227): CodeIgniter\View\View->CodeIgniter\View\{closure}()
 4 SYSTEMPATH/Common.php(1173): CodeIgniter\View\View->render()
 5 APPPATH/Controllers/Usuarios.php(32): view()
 6 SYSTEMPATH/CodeIgniter.php(933): App\Controllers\Usuarios->new()
 7 SYSTEMPATH/CodeIgniter.php(507): CodeIgniter\CodeIgniter->runController()
 8 SYSTEMPATH/CodeIgniter.php(354): CodeIgniter\CodeIgniter->handleRequest()
 9 SYSTEMPATH/Boot.php(334): CodeIgniter\CodeIgniter->run()
10 SYSTEMPATH/Boot.php(67): CodeIgniter\Boot::runCodeIgniter()
11 FCPATH/index.php(56): CodeIgniter\Boot::bootWeb()
12 SYSTEMPATH/rewrite.php(44): require_once('/home/eric/projeto-framework/codeigniter4/public/index.php')
DEBUG - 2025-06-06 21:05:06 --> Session: Class initialized using 'CodeIgniter\Session\Handlers\FileHandler' driver.
CRITICAL - 2025-06-06 21:05:06 --> ErrorException: Undefined property: stdClass::$usuarios_id
[Method: GET, Route: usuarios/new]
in APPPATH/Views/usuarios/form.php on line 40.
 1 APPPATH/Views/usuarios/form.php(40): CodeIgniter\Debug\Exceptions->errorHandler()
 2 SYSTEMPATH/View/View.php(224): include('/home/eric/projeto-framework/codeigniter4/app/Views/usuarios/form.php')
 3 SYSTEMPATH/View/View.php(227): CodeIgniter\View\View->CodeIgniter\View\{closure}()
 4 SYSTEMPATH/Common.php(1173): CodeIgniter\View\View->render()
 5 APPPATH/Controllers/Usuarios.php(32): view()
 6 SYSTEMPATH/CodeIgniter.php(933): App\Controllers\Usuarios->new()
 7 SYSTEMPATH/CodeIgniter.php(507): CodeIgniter\CodeIgniter->runController()
 8 SYSTEMPATH/CodeIgniter.php(354): CodeIgniter\CodeIgniter->handleRequest()
 9 SYSTEMPATH/Boot.php(334): CodeIgniter\CodeIgniter->run()
10 SYSTEMPATH/Boot.php(67): CodeIgniter\Boot::runCodeIgniter()
11 FCPATH/index.php(56): CodeIgniter\Boot::bootWeb()
12 SYSTEMPATH/rewrite.php(44): require_once('/home/eric/projeto-framework/codeigniter4/public/index.php')
DEBUG - 2025-06-06 21:09:37 --> Session: Class initialized using 'CodeIgniter\Session\Handlers\FileHandler' driver.
CRITICAL - 2025-06-06 21:09:37 --> ErrorException: Undefined property: stdClass::$usuarios_id
[Method: GET, Route: usuarios/new]
in APPPATH/Views/usuarios/form.php on line 40.
 1 APPPATH/Views/usuarios/form.php(40): CodeIgniter\Debug\Exceptions->errorHandler()
 2 SYSTEMPATH/View/View.php(224): include('/home/eric/projeto-framework/codeigniter4/app/Views/usuarios/form.php')
 3 SYSTEMPATH/View/View.php(227): CodeIgniter\View\View->CodeIgniter\View\{closure}()
 4 SYSTEMPATH/Common.php(1173): CodeIgniter\View\View->render()
 5 APPPATH/Controllers/Usuarios.php(33): view()
 6 SYSTEMPATH/CodeIgniter.php(933): App\Controllers\Usuarios->new()
 7 SYSTEMPATH/CodeIgniter.php(507): CodeIgniter\CodeIgniter->runController()
 8 SYSTEMPATH/CodeIgniter.php(354): CodeIgniter\CodeIgniter->handleRequest()
 9 SYSTEMPATH/Boot.php(334): CodeIgniter\CodeIgniter->run()
10 SYSTEMPATH/Boot.php(67): CodeIgniter\Boot::runCodeIgniter()
11 FCPATH/index.php(56): CodeIgniter\Boot::bootWeb()
12 SYSTEMPATH/rewrite.php(44): require_once('/home/eric/projeto-framework/codeigniter4/public/index.php')
DEBUG - 2025-06-06 21:09:37 --> Session: Class initialized using 'CodeIgniter\Session\Handlers\FileHandler' driver.
CRITICAL - 2025-06-06 21:09:37 --> ErrorException: Undefined property: stdClass::$usuarios_id
[Method: GET, Route: usuarios/new]
in APPPATH/Views/usuarios/form.php on line 40.
 1 APPPATH/Views/usuarios/form.php(40): CodeIgniter\Debug\Exceptions->errorHandler()
 2 SYSTEMPATH/View/View.php(224): include('/home/eric/projeto-framework/codeigniter4/app/Views/usuarios/form.php')
 3 SYSTEMPATH/View/View.php(227): CodeIgniter\View\View->CodeIgniter\View\{closure}()
 4 SYSTEMPATH/Common.php(1173): CodeIgniter\View\View->render()
 5 APPPATH/Controllers/Usuarios.php(33): view()
 6 SYSTEMPATH/CodeIgniter.php(933): App\Controllers\Usuarios->new()
 7 SYSTEMPATH/CodeIgniter.php(507): CodeIgniter\CodeIgniter->runController()
 8 SYSTEMPATH/CodeIgniter.php(354): CodeIgniter\CodeIgniter->handleRequest()
 9 SYSTEMPATH/Boot.php(334): CodeIgniter\CodeIgniter->run()
10 SYSTEMPATH/Boot.php(67): CodeIgniter\Boot::runCodeIgniter()
11 FCPATH/index.php(56): CodeIgniter\Boot::bootWeb()
12 SYSTEMPATH/rewrite.php(44): require_once('/home/eric/projeto-framework/codeigniter4/public/index.php')
DEBUG - 2025-06-06 21:09:39 --> Session: Class initialized using 'CodeIgniter\Session\Handlers\FileHandler' driver.
CRITICAL - 2025-06-06 21:09:39 --> ErrorException: Undefined property: stdClass::$usuarios_id
[Method: GET, Route: usuarios/new]
in APPPATH/Views/usuarios/form.php on line 40.
 1 APPPATH/Views/usuarios/form.php(40): CodeIgniter\Debug\Exceptions->errorHandler()
 2 SYSTEMPATH/View/View.php(224): include('/home/eric/projeto-framework/codeigniter4/app/Views/usuarios/form.php')
 3 SYSTEMPATH/View/View.php(227): CodeIgniter\View\View->CodeIgniter\View\{closure}()
 4 SYSTEMPATH/Common.php(1173): CodeIgniter\View\View->render()
 5 APPPATH/Controllers/Usuarios.php(33): view()
 6 SYSTEMPATH/CodeIgniter.php(933): App\Controllers\Usuarios->new()
 7 SYSTEMPATH/CodeIgniter.php(507): CodeIgniter\CodeIgniter->runController()
 8 SYSTEMPATH/CodeIgniter.php(354): CodeIgniter\CodeIgniter->handleRequest()
 9 SYSTEMPATH/Boot.php(334): CodeIgniter\CodeIgniter->run()
10 SYSTEMPATH/Boot.php(67): CodeIgniter\Boot::runCodeIgniter()
11 FCPATH/index.php(56): CodeIgniter\Boot::bootWeb()
12 SYSTEMPATH/rewrite.php(44): require_once('/home/eric/projeto-framework/codeigniter4/public/index.php')
DEBUG - 2025-06-06 21:09:40 --> Session: Class initialized using 'CodeIgniter\Session\Handlers\FileHandler' driver.
DEBUG - 2025-06-06 21:09:41 --> Session: Class initialized using 'CodeIgniter\Session\Handlers\FileHandler' driver.
CRITICAL - 2025-06-06 21:09:41 --> ErrorException: Undefined property: stdClass::$usuarios_id
[Method: GET, Route: usuarios/new]
in APPPATH/Views/usuarios/form.php on line 40.
 1 APPPATH/Views/usuarios/form.php(40): CodeIgniter\Debug\Exceptions->errorHandler()
 2 SYSTEMPATH/View/View.php(224): include('/home/eric/projeto-framework/codeigniter4/app/Views/usuarios/form.php')
 3 SYSTEMPATH/View/View.php(227): CodeIgniter\View\View->CodeIgniter\View\{closure}()
 4 SYSTEMPATH/Common.php(1173): CodeIgniter\View\View->render()
 5 APPPATH/Controllers/Usuarios.php(33): view()
 6 SYSTEMPATH/CodeIgniter.php(933): App\Controllers\Usuarios->new()
 7 SYSTEMPATH/CodeIgniter.php(507): CodeIgniter\CodeIgniter->runController()
 8 SYSTEMPATH/CodeIgniter.php(354): CodeIgniter\CodeIgniter->handleRequest()
 9 SYSTEMPATH/Boot.php(334): CodeIgniter\CodeIgniter->run()
10 SYSTEMPATH/Boot.php(67): CodeIgniter\Boot::runCodeIgniter()
11 FCPATH/index.php(56): CodeIgniter\Boot::bootWeb()
12 SYSTEMPATH/rewrite.php(44): require_once('/home/eric/projeto-framework/codeigniter4/public/index.php')
DEBUG - 2025-06-06 21:09:58 --> Session: Class initialized using 'CodeIgniter\Session\Handlers\FileHandler' driver.
DEBUG - 2025-06-06 21:10:06 --> Session: Class initialized using 'CodeIgniter\Session\Handlers\FileHandler' driver.
DEBUG - 2025-06-06 21:10:28 --> Session: Class initialized using 'CodeIgniter\Session\Handlers\FileHandler' driver.
DEBUG - 2025-06-06 21:10:36 --> Session: Class initialized using 'CodeIgniter\Session\Handlers\FileHandler' driver.
DEBUG - 2025-06-06 21:11:04 --> Session: Class initialized using 'CodeIgniter\Session\Handlers\FileHandler' driver.
DEBUG - 2025-06-06 21:11:32 --> Session: Class initialized using 'CodeIgniter\Session\Handlers\FileHandler' driver.
DEBUG - 2025-06-06 21:15:11 --> Session: Class initialized using 'CodeIgniter\Session\Handlers\FileHandler' driver.
DEBUG - 2025-06-06 21:15:31 --> Session: Class initialized using 'CodeIgniter\Session\Handlers\FileHandler' driver.
DEBUG - 2025-06-06 21:15:36 --> Session: Class initialized using 'CodeIgniter\Session\Handlers\FileHandler' driver.
DEBUG - 2025-06-06 21:17:07 --> Session: Class initialized using 'CodeIgniter\Session\Handlers\FileHandler' driver.
DEBUG - 2025-06-06 21:17:13 --> Session: Class initialized using 'CodeIgniter\Session\Handlers\FileHandler' driver.
DEBUG - 2025-06-06 21:19:21 --> Session: Class initialized using 'CodeIgniter\Session\Handlers\FileHandler' driver.
DEBUG - 2025-06-06 21:19:22 --> Session: Class initialized using 'CodeIgniter\Session\Handlers\FileHandler' driver.
CRITICAL - 2025-06-06 21:19:29 --> ErrorException: Undefined array key "usuarios_sobrenome"
[Method: POST, Route: usuarios/update]
in APPPATH/Controllers/Usuarios.php on line 106.
 1 APPPATH/Controllers/Usuarios.php(106): CodeIgniter\Debug\Exceptions->errorHandler()
 2 SYSTEMPATH/CodeIgniter.php(933): App\Controllers\Usuarios->update()
 3 SYSTEMPATH/CodeIgniter.php(507): CodeIgniter\CodeIgniter->runController()
 4 SYSTEMPATH/CodeIgniter.php(354): CodeIgniter\CodeIgniter->handleRequest()
 5 SYSTEMPATH/Boot.php(334): CodeIgniter\CodeIgniter->run()
 6 SYSTEMPATH/Boot.php(67): CodeIgniter\Boot::runCodeIgniter()
 7 FCPATH/index.php(56): CodeIgniter\Boot::bootWeb()
 8 SYSTEMPATH/rewrite.php(44): require_once('/home/eric/projeto-framework/codeigniter4/public/index.php')
ERROR - 2025-06-06 21:19:32 --> mysqli_sql_exception: Cannot delete or update a parent row: a foreign key constraint fails (`projeto`.`Clientes`, CONSTRAINT `usuario_cliente` FOREIGN KEY (`usuario_cliente`) REFERENCES `usuarios` (`usuarios_id`) ON DELETE RESTRICT ON UPDATE RESTRICT) in /home/eric/projeto-framework/codeigniter4/system/Database/MySQLi/Connection.php:327
Stack trace:
#0 /home/eric/projeto-framework/codeigniter4/system/Database/MySQLi/Connection.php(327): mysqli->query()
#1 /home/eric/projeto-framework/codeigniter4/system/Database/BaseConnection.php(738): CodeIgniter\Database\MySQLi\Connection->execute()
#2 /home/eric/projeto-framework/codeigniter4/system/Database/BaseConnection.php(652): CodeIgniter\Database\BaseConnection->simpleQuery()
#3 /home/eric/projeto-framework/codeigniter4/system/Database/BaseBuilder.php(2848): CodeIgniter\Database\BaseConnection->query()
#4 /home/eric/projeto-framework/codeigniter4/system/Model.php(521): CodeIgniter\Database\BaseBuilder->delete()
#5 /home/eric/projeto-framework/codeigniter4/system/BaseModel.php(1157): CodeIgniter\Model->doDelete()
#6 /home/eric/projeto-framework/codeigniter4/app/Controllers/Usuarios.php(85): CodeIgniter\BaseModel->delete()
#7 /home/eric/projeto-framework/codeigniter4/system/CodeIgniter.php(933): App\Controllers\Usuarios->delete()
#8 /home/eric/projeto-framework/codeigniter4/system/CodeIgniter.php(507): CodeIgniter\CodeIgniter->runController()
#9 /home/eric/projeto-framework/codeigniter4/system/CodeIgniter.php(354): CodeIgniter\CodeIgniter->handleRequest()
#10 /home/eric/projeto-framework/codeigniter4/system/Boot.php(334): CodeIgniter\CodeIgniter->run()
#11 /home/eric/projeto-framework/codeigniter4/system/Boot.php(67): CodeIgniter\Boot::runCodeIgniter()
#12 /home/eric/projeto-framework/codeigniter4/public/index.php(56): CodeIgniter\Boot::bootWeb()
#13 /home/eric/projeto-framework/codeigniter4/system/rewrite.php(44): require_once('...')
#14 {main}
CRITICAL - 2025-06-06 21:19:32 --> CodeIgniter\Database\Exceptions\DatabaseException: Cannot delete or update a parent row: a foreign key constraint fails (`projeto`.`Clientes`, CONSTRAINT `usuario_cliente` FOREIGN KEY (`usuario_cliente`) REFERENCES `usuarios` (`usuarios_id`) ON DELETE RESTRICT ON UPDATE RESTRICT)
[Method: GET, Route: usuarios/delete/2]
in SYSTEMPATH/Database/BaseConnection.php on line 692.
 1 SYSTEMPATH/Database/BaseBuilder.php(2848): CodeIgniter\Database\BaseConnection->query()
 2 SYSTEMPATH/Model.php(521): CodeIgniter\Database\BaseBuilder->delete()
 3 SYSTEMPATH/BaseModel.php(1157): CodeIgniter\Model->doDelete()
 4 APPPATH/Controllers/Usuarios.php(85): CodeIgniter\BaseModel->delete()
 5 SYSTEMPATH/CodeIgniter.php(933): App\Controllers\Usuarios->delete()
 6 SYSTEMPATH/CodeIgniter.php(507): CodeIgniter\CodeIgniter->runController()
 7 SYSTEMPATH/CodeIgniter.php(354): CodeIgniter\CodeIgniter->handleRequest()
 8 SYSTEMPATH/Boot.php(334): CodeIgniter\CodeIgniter->run()
 9 SYSTEMPATH/Boot.php(67): CodeIgniter\Boot::runCodeIgniter()
10 FCPATH/index.php(56): CodeIgniter\Boot::bootWeb()
11 SYSTEMPATH/rewrite.php(44): require_once('/home/eric/projeto-framework/codeigniter4/public/index.php')
CRITICAL - 2025-06-06 21:19:32 --> [Caused by] CodeIgniter\Database\Exceptions\DatabaseException: Cannot delete or update a parent row: a foreign key constraint fails (`projeto`.`Clientes`, CONSTRAINT `usuario_cliente` FOREIGN KEY (`usuario_cliente`) REFERENCES `usuarios` (`usuarios_id`) ON DELETE RESTRICT ON UPDATE RESTRICT)
in SYSTEMPATH/Database/MySQLi/Connection.php on line 332.
 1 SYSTEMPATH/Database/BaseConnection.php(738): CodeIgniter\Database\MySQLi\Connection->execute()
 2 SYSTEMPATH/Database/BaseConnection.php(652): CodeIgniter\Database\BaseConnection->simpleQuery()
 3 SYSTEMPATH/Database/BaseBuilder.php(2848): CodeIgniter\Database\BaseConnection->query()
 4 SYSTEMPATH/Model.php(521): CodeIgniter\Database\BaseBuilder->delete()
 5 SYSTEMPATH/BaseModel.php(1157): CodeIgniter\Model->doDelete()
 6 APPPATH/Controllers/Usuarios.php(85): CodeIgniter\BaseModel->delete()
 7 SYSTEMPATH/CodeIgniter.php(933): App\Controllers\Usuarios->delete()
 8 SYSTEMPATH/CodeIgniter.php(507): CodeIgniter\CodeIgniter->runController()
 9 SYSTEMPATH/CodeIgniter.php(354): CodeIgniter\CodeIgniter->handleRequest()
10 SYSTEMPATH/Boot.php(334): CodeIgniter\CodeIgniter->run()
11 SYSTEMPATH/Boot.php(67): CodeIgniter\Boot::runCodeIgniter()
12 FCPATH/index.php(56): CodeIgniter\Boot::bootWeb()
13 SYSTEMPATH/rewrite.php(44): require_once('/home/eric/projeto-framework/codeigniter4/public/index.php')
CRITICAL - 2025-06-06 21:19:32 --> [Caused by] mysqli_sql_exception: Cannot delete or update a parent row: a foreign key constraint fails (`projeto`.`Clientes`, CONSTRAINT `usuario_cliente` FOREIGN KEY (`usuario_cliente`) REFERENCES `usuarios` (`usuarios_id`) ON DELETE RESTRICT ON UPDATE RESTRICT)
in SYSTEMPATH/Database/MySQLi/Connection.php on line 327.
 1 SYSTEMPATH/Database/MySQLi/Connection.php(327): mysqli->query()
 2 SYSTEMPATH/Database/BaseConnection.php(738): CodeIgniter\Database\MySQLi\Connection->execute()
 3 SYSTEMPATH/Database/BaseConnection.php(652): CodeIgniter\Database\BaseConnection->simpleQuery()
 4 SYSTEMPATH/Database/BaseBuilder.php(2848): CodeIgniter\Database\BaseConnection->query()
 5 SYSTEMPATH/Model.php(521): CodeIgniter\Database\BaseBuilder->delete()
 6 SYSTEMPATH/BaseModel.php(1157): CodeIgniter\Model->doDelete()
 7 APPPATH/Controllers/Usuarios.php(85): CodeIgniter\BaseModel->delete()
 8 SYSTEMPATH/CodeIgniter.php(933): App\Controllers\Usuarios->delete()
 9 SYSTEMPATH/CodeIgniter.php(507): CodeIgniter\CodeIgniter->runController()
10 SYSTEMPATH/CodeIgniter.php(354): CodeIgniter\CodeIgniter->handleRequest()
11 SYSTEMPATH/Boot.php(334): CodeIgniter\CodeIgniter->run()
12 SYSTEMPATH/Boot.php(67): CodeIgniter\Boot::runCodeIgniter()
13 FCPATH/index.php(56): CodeIgniter\Boot::bootWeb()
14 SYSTEMPATH/rewrite.php(44): require_once('/home/eric/projeto-framework/codeigniter4/public/index.php')
ERROR - 2025-06-06 21:20:26 --> mysqli_sql_exception: Unknown column 'usuarios_cpf' in 'where clause' in /home/eric/projeto-framework/codeigniter4/system/Database/MySQLi/Connection.php:327
Stack trace:
#0 /home/eric/projeto-framework/codeigniter4/system/Database/MySQLi/Connection.php(327): mysqli->query()
#1 /home/eric/projeto-framework/codeigniter4/system/Database/BaseConnection.php(738): CodeIgniter\Database\MySQLi\Connection->execute()
#2 /home/eric/projeto-framework/codeigniter4/system/Database/BaseConnection.php(652): CodeIgniter\Database\BaseConnection->simpleQuery()
#3 /home/eric/projeto-framework/codeigniter4/system/Database/BaseBuilder.php(1649): CodeIgniter\Database\BaseConnection->query()
#4 /home/eric/projeto-framework/codeigniter4/system/Model.php(213): CodeIgniter\Database\BaseBuilder->get()
#5 /home/eric/projeto-framework/codeigniter4/system/BaseModel.php(609): CodeIgniter\Model->doFind()
#6 /home/eric/projeto-framework/codeigniter4/app/Controllers/Usuarios.php(124): CodeIgniter\BaseModel->find()
#7 /home/eric/projeto-framework/codeigniter4/system/CodeIgniter.php(933): App\Controllers\Usuarios->search()
#8 /home/eric/projeto-framework/codeigniter4/system/CodeIgniter.php(507): CodeIgniter\CodeIgniter->runController()
#9 /home/eric/projeto-framework/codeigniter4/system/CodeIgniter.php(354): CodeIgniter\CodeIgniter->handleRequest()
#10 /home/eric/projeto-framework/codeigniter4/system/Boot.php(334): CodeIgniter\CodeIgniter->run()
#11 /home/eric/projeto-framework/codeigniter4/system/Boot.php(67): CodeIgniter\Boot::runCodeIgniter()
#12 /home/eric/projeto-framework/codeigniter4/public/index.php(56): CodeIgniter\Boot::bootWeb()
#13 /home/eric/projeto-framework/codeigniter4/system/rewrite.php(44): require_once('...')
#14 {main}
CRITICAL - 2025-06-06 21:20:26 --> CodeIgniter\Database\Exceptions\DatabaseException: Unknown column 'usuarios_cpf' in 'where clause'
[Method: POST, Route: usuarios/search]
in SYSTEMPATH/Database/BaseConnection.php on line 692.
 1 SYSTEMPATH/Database/BaseBuilder.php(1649): CodeIgniter\Database\BaseConnection->query()
 2 SYSTEMPATH/Model.php(213): CodeIgniter\Database\BaseBuilder->get()
 3 SYSTEMPATH/BaseModel.php(609): CodeIgniter\Model->doFind()
 4 APPPATH/Controllers/Usuarios.php(124): CodeIgniter\BaseModel->find()
 5 SYSTEMPATH/CodeIgniter.php(933): App\Controllers\Usuarios->search()
 6 SYSTEMPATH/CodeIgniter.php(507): CodeIgniter\CodeIgniter->runController()
 7 SYSTEMPATH/CodeIgniter.php(354): CodeIgniter\CodeIgniter->handleRequest()
 8 SYSTEMPATH/Boot.php(334): CodeIgniter\CodeIgniter->run()
 9 SYSTEMPATH/Boot.php(67): CodeIgniter\Boot::runCodeIgniter()
10 FCPATH/index.php(56): CodeIgniter\Boot::bootWeb()
11 SYSTEMPATH/rewrite.php(44): require_once('/home/eric/projeto-framework/codeigniter4/public/index.php')
CRITICAL - 2025-06-06 21:20:26 --> [Caused by] CodeIgniter\Database\Exceptions\DatabaseException: Unknown column 'usuarios_cpf' in 'where clause'
in SYSTEMPATH/Database/MySQLi/Connection.php on line 332.
 1 SYSTEMPATH/Database/BaseConnection.php(738): CodeIgniter\Database\MySQLi\Connection->execute()
 2 SYSTEMPATH/Database/BaseConnection.php(652): CodeIgniter\Database\BaseConnection->simpleQuery()
 3 SYSTEMPATH/Database/BaseBuilder.php(1649): CodeIgniter\Database\BaseConnection->query()
 4 SYSTEMPATH/Model.php(213): CodeIgniter\Database\BaseBuilder->get()
 5 SYSTEMPATH/BaseModel.php(609): CodeIgniter\Model->doFind()
 6 APPPATH/Controllers/Usuarios.php(124): CodeIgniter\BaseModel->find()
 7 SYSTEMPATH/CodeIgniter.php(933): App\Controllers\Usuarios->search()
 8 SYSTEMPATH/CodeIgniter.php(507): CodeIgniter\CodeIgniter->runController()
 9 SYSTEMPATH/CodeIgniter.php(354): CodeIgniter\CodeIgniter->handleRequest()
10 SYSTEMPATH/Boot.php(334): CodeIgniter\CodeIgniter->run()
11 SYSTEMPATH/Boot.php(67): CodeIgniter\Boot::runCodeIgniter()
12 FCPATH/index.php(56): CodeIgniter\Boot::bootWeb()
13 SYSTEMPATH/rewrite.php(44): require_once('/home/eric/projeto-framework/codeigniter4/public/index.php')
CRITICAL - 2025-06-06 21:20:26 --> [Caused by] mysqli_sql_exception: Unknown column 'usuarios_cpf' in 'where clause'
in SYSTEMPATH/Database/MySQLi/Connection.php on line 327.
 1 SYSTEMPATH/Database/MySQLi/Connection.php(327): mysqli->query()
 2 SYSTEMPATH/Database/BaseConnection.php(738): CodeIgniter\Database\MySQLi\Connection->execute()
 3 SYSTEMPATH/Database/BaseConnection.php(652): CodeIgniter\Database\BaseConnection->simpleQuery()
 4 SYSTEMPATH/Database/BaseBuilder.php(1649): CodeIgniter\Database\BaseConnection->query()
 5 SYSTEMPATH/Model.php(213): CodeIgniter\Database\BaseBuilder->get()
 6 SYSTEMPATH/BaseModel.php(609): CodeIgniter\Model->doFind()
 7 APPPATH/Controllers/Usuarios.php(124): CodeIgniter\BaseModel->find()
 8 SYSTEMPATH/CodeIgniter.php(933): App\Controllers\Usuarios->search()
 9 SYSTEMPATH/CodeIgniter.php(507): CodeIgniter\CodeIgniter->runController()
10 SYSTEMPATH/CodeIgniter.php(354): CodeIgniter\CodeIgniter->handleRequest()
11 SYSTEMPATH/Boot.php(334): CodeIgniter\CodeIgniter->run()
12 SYSTEMPATH/Boot.php(67): CodeIgniter\Boot::runCodeIgniter()
13 FCPATH/index.php(56): CodeIgniter\Boot::bootWeb()
14 SYSTEMPATH/rewrite.php(44): require_once('/home/eric/projeto-framework/codeigniter4/public/index.php')
CRITICAL - 2025-06-06 21:26:58 --> Error: Class "App\Models\Usuarios" not found
[Method: GET, Route: usuarios]
in APPPATH/Controllers/Usuarios.php on line 10.
 1 SYSTEMPATH/CodeIgniter.php(903): App\Controllers\Usuarios->__construct()
 2 SYSTEMPATH/CodeIgniter.php(498): CodeIgniter\CodeIgniter->createController()
 3 SYSTEMPATH/CodeIgniter.php(354): CodeIgniter\CodeIgniter->handleRequest()
 4 SYSTEMPATH/Boot.php(334): CodeIgniter\CodeIgniter->run()
 5 SYSTEMPATH/Boot.php(67): CodeIgniter\Boot::runCodeIgniter()
 6 FCPATH/index.php(56): CodeIgniter\Boot::bootWeb()
 7 SYSTEMPATH/rewrite.php(44): require_once('/home/eric/projeto-framework/codeigniter4/public/index.php')
CRITICAL - 2025-06-06 21:26:59 --> Error: Class "App\Models\Usuarios" not found
[Method: GET, Route: usuarios]
in APPPATH/Controllers/Usuarios.php on line 10.
 1 SYSTEMPATH/CodeIgniter.php(903): App\Controllers\Usuarios->__construct()
 2 SYSTEMPATH/CodeIgniter.php(498): CodeIgniter\CodeIgniter->createController()
 3 SYSTEMPATH/CodeIgniter.php(354): CodeIgniter\CodeIgniter->handleRequest()
 4 SYSTEMPATH/Boot.php(334): CodeIgniter\CodeIgniter->run()
 5 SYSTEMPATH/Boot.php(67): CodeIgniter\Boot::runCodeIgniter()
 6 FCPATH/index.php(56): CodeIgniter\Boot::bootWeb()
 7 SYSTEMPATH/rewrite.php(44): require_once('/home/eric/projeto-framework/codeigniter4/public/index.php')
CRITICAL - 2025-06-06 21:26:59 --> Error: Class "App\Models\Usuarios" not found
[Method: GET, Route: usuarios]
in APPPATH/Controllers/Usuarios.php on line 10.
 1 SYSTEMPATH/CodeIgniter.php(903): App\Controllers\Usuarios->__construct()
 2 SYSTEMPATH/CodeIgniter.php(498): CodeIgniter\CodeIgniter->createController()
 3 SYSTEMPATH/CodeIgniter.php(354): CodeIgniter\CodeIgniter->handleRequest()
 4 SYSTEMPATH/Boot.php(334): CodeIgniter\CodeIgniter->run()
 5 SYSTEMPATH/Boot.php(67): CodeIgniter\Boot::runCodeIgniter()
 6 FCPATH/index.php(56): CodeIgniter\Boot::bootWeb()
 7 SYSTEMPATH/rewrite.php(44): require_once('/home/eric/projeto-framework/codeigniter4/public/index.php')
CRITICAL - 2025-06-06 21:27:00 --> Error: Class "App\Models\Usuarios" not found
[Method: GET, Route: usuarios]
in APPPATH/Controllers/Usuarios.php on line 10.
 1 SYSTEMPATH/CodeIgniter.php(903): App\Controllers\Usuarios->__construct()
 2 SYSTEMPATH/CodeIgniter.php(498): CodeIgniter\CodeIgniter->createController()
 3 SYSTEMPATH/CodeIgniter.php(354): CodeIgniter\CodeIgniter->handleRequest()
 4 SYSTEMPATH/Boot.php(334): CodeIgniter\CodeIgniter->run()
 5 SYSTEMPATH/Boot.php(67): CodeIgniter\Boot::runCodeIgniter()
 6 FCPATH/index.php(56): CodeIgniter\Boot::bootWeb()
 7 SYSTEMPATH/rewrite.php(44): require_once('/home/eric/projeto-framework/codeigniter4/public/index.php')
CRITICAL - 2025-06-06 21:27:00 --> Error: Class "App\Models\Usuarios" not found
[Method: GET, Route: usuarios]
in APPPATH/Controllers/Usuarios.php on line 10.
 1 SYSTEMPATH/CodeIgniter.php(903): App\Controllers\Usuarios->__construct()
 2 SYSTEMPATH/CodeIgniter.php(498): CodeIgniter\CodeIgniter->createController()
 3 SYSTEMPATH/CodeIgniter.php(354): CodeIgniter\CodeIgniter->handleRequest()
 4 SYSTEMPATH/Boot.php(334): CodeIgniter\CodeIgniter->run()
 5 SYSTEMPATH/Boot.php(67): CodeIgniter\Boot::runCodeIgniter()
 6 FCPATH/index.php(56): CodeIgniter\Boot::bootWeb()
 7 SYSTEMPATH/rewrite.php(44): require_once('/home/eric/projeto-framework/codeigniter4/public/index.php')
CRITICAL - 2025-06-06 21:27:00 --> Error: Class "App\Models\Usuarios" not found
[Method: GET, Route: usuarios]
in APPPATH/Controllers/Usuarios.php on line 10.
 1 SYSTEMPATH/CodeIgniter.php(903): App\Controllers\Usuarios->__construct()
 2 SYSTEMPATH/CodeIgniter.php(498): CodeIgniter\CodeIgniter->createController()
 3 SYSTEMPATH/CodeIgniter.php(354): CodeIgniter\CodeIgniter->handleRequest()
 4 SYSTEMPATH/Boot.php(334): CodeIgniter\CodeIgniter->run()
 5 SYSTEMPATH/Boot.php(67): CodeIgniter\Boot::runCodeIgniter()
 6 FCPATH/index.php(56): CodeIgniter\Boot::bootWeb()
 7 SYSTEMPATH/rewrite.php(44): require_once('/home/eric/projeto-framework/codeigniter4/public/index.php')
CRITICAL - 2025-06-06 21:27:00 --> Error: Class "App\Models\Usuarios" not found
[Method: GET, Route: usuarios]
in APPPATH/Controllers/Usuarios.php on line 10.
 1 SYSTEMPATH/CodeIgniter.php(903): App\Controllers\Usuarios->__construct()
 2 SYSTEMPATH/CodeIgniter.php(498): CodeIgniter\CodeIgniter->createController()
 3 SYSTEMPATH/CodeIgniter.php(354): CodeIgniter\CodeIgniter->handleRequest()
 4 SYSTEMPATH/Boot.php(334): CodeIgniter\CodeIgniter->run()
 5 SYSTEMPATH/Boot.php(67): CodeIgniter\Boot::runCodeIgniter()
 6 FCPATH/index.php(56): CodeIgniter\Boot::bootWeb()
 7 SYSTEMPATH/rewrite.php(44): require_once('/home/eric/projeto-framework/codeigniter4/public/index.php')
CRITICAL - 2025-06-06 21:27:00 --> Error: Class "App\Models\Usuarios" not found
[Method: GET, Route: usuarios]
in APPPATH/Controllers/Usuarios.php on line 10.
 1 SYSTEMPATH/CodeIgniter.php(903): App\Controllers\Usuarios->__construct()
 2 SYSTEMPATH/CodeIgniter.php(498): CodeIgniter\CodeIgniter->createController()
 3 SYSTEMPATH/CodeIgniter.php(354): CodeIgniter\CodeIgniter->handleRequest()
 4 SYSTEMPATH/Boot.php(334): CodeIgniter\CodeIgniter->run()
 5 SYSTEMPATH/Boot.php(67): CodeIgniter\Boot::runCodeIgniter()
 6 FCPATH/index.php(56): CodeIgniter\Boot::bootWeb()
 7 SYSTEMPATH/rewrite.php(44): require_once('/home/eric/projeto-framework/codeigniter4/public/index.php')
CRITICAL - 2025-06-06 21:27:00 --> Error: Class "App\Models\Usuarios" not found
[Method: GET, Route: usuarios]
in APPPATH/Controllers/Usuarios.php on line 10.
 1 SYSTEMPATH/CodeIgniter.php(903): App\Controllers\Usuarios->__construct()
 2 SYSTEMPATH/CodeIgniter.php(498): CodeIgniter\CodeIgniter->createController()
 3 SYSTEMPATH/CodeIgniter.php(354): CodeIgniter\CodeIgniter->handleRequest()
 4 SYSTEMPATH/Boot.php(334): CodeIgniter\CodeIgniter->run()
 5 SYSTEMPATH/Boot.php(67): CodeIgniter\Boot::runCodeIgniter()
 6 FCPATH/index.php(56): CodeIgniter\Boot::bootWeb()
 7 SYSTEMPATH/rewrite.php(44): require_once('/home/eric/projeto-framework/codeigniter4/public/index.php')
DEBUG - 2025-06-06 21:27:14 --> Session: Class initialized using 'CodeIgniter\Session\Handlers\FileHandler' driver.
DEBUG - 2025-06-06 21:27:16 --> Session: Class initialized using 'CodeIgniter\Session\Handlers\FileHandler' driver.
DEBUG - 2025-06-06 21:27:22 --> Session: Class initialized using 'CodeIgniter\Session\Handlers\FileHandler' driver.
DEBUG - 2025-06-06 21:30:56 --> Session: Class initialized using 'CodeIgniter\Session\Handlers\FileHandler' driver.
DEBUG - 2025-06-06 21:31:02 --> Session: Class initialized using 'CodeIgniter\Session\Handlers\FileHandler' driver.
